2023-06-06 15:09:06.452 | INFO     | bin:<module>:67 - BASE_DIR : E:\PythonPj\ACM_Leave
2023-06-06 15:09:06.455 | INFO     | __main__:<module>:11 - LogoQss Link Success : <module 'lib.qss.Logo_Qss_rc' from 'E:\\PythonPj\\ACM_Leave\\lib\\qss\\Logo_Qss_rc.py'>
2023-06-06 15:58:41.535 | INFO     | bin:<module>:67 - BASE_DIR : E:\PythonPj\ACM_Leave
2023-06-06 15:58:41.538 | INFO     | __main__:<module>:11 - LogoQss Link Success : <module 'lib.qss.Logo_Qss_rc' from 'E:\\PythonPj\\ACM_Leave\\lib\\qss\\Logo_Qss_rc.py'>
2023-06-06 15:59:11.796 | INFO     | bin:<module>:67 - BASE_DIR : E:\PythonPj\ACM_Leave
2023-06-06 15:59:11.798 | INFO     | __main__:<module>:11 - LogoQss Link Success : <module 'lib.qss.Logo_Qss_rc' from 'E:\\PythonPj\\ACM_Leave\\lib\\qss\\Logo_Qss_rc.py'>
2023-06-06 15:59:31.522 | INFO     | bin:<module>:67 - BASE_DIR : E:\PythonPj\ACM_Leave
2023-06-06 15:59:31.524 | INFO     | __main__:<module>:11 - LogoQss Link Success : <module 'lib.qss.Logo_Qss_rc' from 'E:\\PythonPj\\ACM_Leave\\lib\\qss\\Logo_Qss_rc.py'>
2023-06-06 16:03:26.536 | INFO     | bin:<module>:67 - BASE_DIR : E:\PythonPj\ACM_Leave
2023-06-06 16:03:26.538 | INFO     | __main__:<module>:11 - LogoQss Link Success : <module 'lib.qss.Logo_Qss_rc' from 'E:\\PythonPj\\ACM_Leave\\lib\\qss\\Logo_Qss_rc.py'>
2023-06-06 16:04:56.114 | INFO     | bin:<module>:67 - BASE_DIR : E:\PythonPj\ACM_Leave
2023-06-06 16:04:56.116 | INFO     | __main__:<module>:11 - LogoQss Link Success : <module 'lib.qss.Logo_Qss_rc' from 'E:\\PythonPj\\ACM_Leave\\lib\\qss\\Logo_Qss_rc.py'>
2023-06-06 16:05:08.701 | INFO     | bin:<module>:67 - BASE_DIR : E:\PythonPj\ACM_Leave
2023-06-06 16:05:08.703 | INFO     | __main__:<module>:11 - LogoQss Link Success : <module 'lib.qss.Logo_Qss_rc' from 'E:\\PythonPj\\ACM_Leave\\lib\\qss\\Logo_Qss_rc.py'>
2023-06-06 16:06:29.699 | INFO     | bin:<module>:67 - BASE_DIR : E:\PythonPj\ACM_Leave
2023-06-06 16:06:29.701 | INFO     | __main__:<module>:11 - LogoQss Link Success : <module 'lib.qss.Logo_Qss_rc' from 'E:\\PythonPj\\ACM_Leave\\lib\\qss\\Logo_Qss_rc.py'>
2023-06-06 16:06:46.530 | INFO     | bin:<module>:67 - BASE_DIR : E:\PythonPj\ACM_Leave
2023-06-06 16:07:36.721 | INFO     | bin:<module>:67 - BASE_DIR : E:\PythonPj\ACM_Leave
2023-06-06 16:09:12.718 | INFO     | bin:<module>:67 - BASE_DIR : E:\PythonPj\ACM_Leave
2023-06-06 16:09:20.970 | INFO     | bin:<module>:67 - BASE_DIR : E:\PythonPj\ACM_Leave
2023-06-06 16:10:19.045 | INFO     | bin:<module>:67 - BASE_DIR : E:\PythonPj\ACM_Leave
2023-06-06 16:10:38.792 | INFO     | bin:<module>:67 - BASE_DIR : E:\PythonPj\ACM_Leave
2023-06-06 16:11:21.605 | INFO     | bin:<module>:67 - BASE_DIR : E:\PythonPj\ACM_Leave
2023-06-06 16:14:46.740 | INFO     | bin:<module>:67 - BASE_DIR : E:\PythonPj\ACM_Leave
2023-06-06 17:18:32.011 | INFO     | bin:<module>:67 - BASE_DIR : E:\PythonPj\ACM_Leave
2023-06-13 02:05:10.682 | INFO     | bin:<module>:67 - BASE_DIR : E:\PythonPj\ACM_Leave
2023-06-13 02:06:14.958 | INFO     | bin:<module>:67 - BASE_DIR : E:\PythonPj\ACM_Leave
2023-06-13 02:07:29.799 | INFO     | bin:<module>:67 - BASE_DIR : E:\PythonPj\ACM_Leave
2023-06-13 02:08:23.868 | INFO     | bin:<module>:67 - BASE_DIR : E:\PythonPj\ACM_Leave
2023-06-13 02:14:03.159 | INFO     | bin:<module>:67 - BASE_DIR : E:\PythonPj\ACM_Leave
2023-06-13 02:15:08.176 | INFO     | bin:<module>:67 - BASE_DIR : E:\PythonPj\ACM_Leave
2023-06-13 02:16:37.766 | INFO     | bin:<module>:67 - BASE_DIR : E:\PythonPj\ACM_Leave
2023-06-13 02:17:40.858 | INFO     | bin:<module>:67 - BASE_DIR : E:\PythonPj\ACM_Leave
2023-06-13 02:20:41.574 | INFO     | bin:<module>:67 - BASE_DIR : E:\PythonPj\ACM_Leave
2023-06-13 02:21:51.550 | INFO     | bin:<module>:67 - BASE_DIR : E:\PythonPj\ACM_Leave
2023-06-13 02:22:18.870 | INFO     | bin:<module>:67 - BASE_DIR : E:\PythonPj\ACM_Leave
2023-06-13 02:22:52.067 | INFO     | bin:<module>:67 - BASE_DIR : E:\PythonPj\ACM_Leave
2023-06-13 02:22:52.070 | INFO     | __main__:<module>:11 - LogoQss Link Success : <module 'lib.qss.Logo_Qss_rc' from 'E:\\PythonPj\\ACM_Leave\\lib\\qss\\Logo_Qss_rc.py'>
2023-06-13 02:23:45.719 | INFO     | bin:<module>:67 - BASE_DIR : E:\PythonPj\ACM_Leave
2023-06-13 02:23:45.721 | INFO     | __main__:<module>:11 - LogoQss Link Success : <module 'lib.qss.Logo_Qss_rc' from 'E:\\PythonPj\\ACM_Leave\\lib\\qss\\Logo_Qss_rc.py'>
2023-06-13 14:15:53.625 | INFO     | bin:<module>:67 - BASE_DIR : E:\PythonPj\ACM_Leave
2023-06-13 14:15:53.631 | INFO     | __main__:<module>:11 - LogoQss Link Success : <module 'lib.qss.Logo_Qss_rc' from 'E:\\PythonPj\\ACM_Leave\\lib\\qss\\Logo_Qss_rc.py'>
2023-06-13 14:16:04.864 | INFO     | bin:<module>:67 - BASE_DIR : E:\PythonPj\ACM_Leave
2023-06-13 14:16:04.867 | INFO     | __main__:<module>:11 - LogoQss Link Success : <module 'lib.qss.Logo_Qss_rc' from 'E:\\PythonPj\\ACM_Leave\\lib\\qss\\Logo_Qss_rc.py'>
2023-06-13 14:33:24.358 | INFO     | bin:<module>:67 - BASE_DIR : E:\PythonPj\ACM_Leave
2023-06-13 14:33:24.363 | INFO     | __main__:<module>:11 - LogoQss Link Success : <module 'lib.qss.Logo_Qss_rc' from 'E:\\PythonPj\\ACM_Leave\\lib\\qss\\Logo_Qss_rc.py'>
2023-06-13 14:36:33.162 | INFO     | bin:<module>:67 - BASE_DIR : E:\PythonPj\ACM_Leave
2023-06-13 14:36:33.167 | INFO     | __main__:<module>:11 - LogoQss Link Success : <module 'lib.qss.Logo_Qss_rc' from 'E:\\PythonPj\\ACM_Leave\\lib\\qss\\Logo_Qss_rc.py'>
2023-06-13 14:37:06.660 | INFO     | bin:<module>:67 - BASE_DIR : E:\PythonPj\ACM_Leave
2023-06-13 14:37:06.665 | INFO     | __main__:<module>:11 - LogoQss Link Success : <module 'lib.qss.Logo_Qss_rc' from 'E:\\PythonPj\\ACM_Leave\\lib\\qss\\Logo_Qss_rc.py'>
2023-06-13 14:38:43.087 | INFO     | bin:<module>:67 - BASE_DIR : E:\PythonPj\ACM_Leave
2023-06-13 14:38:43.094 | INFO     | __main__:<module>:11 - LogoQss Link Success : <module 'lib.qss.Logo_Qss_rc' from 'E:\\PythonPj\\ACM_Leave\\lib\\qss\\Logo_Qss_rc.py'>
2023-06-13 14:42:31.557 | INFO     | bin:<module>:67 - BASE_DIR : E:\PythonPj\ACM_Leave
2023-06-13 14:42:31.564 | INFO     | __main__:<module>:11 - LogoQss Link Success : <module 'lib.qss.Logo_Qss_rc' from 'E:\\PythonPj\\ACM_Leave\\lib\\qss\\Logo_Qss_rc.py'>
2023-06-13 14:42:57.593 | INFO     | bin:<module>:67 - BASE_DIR : E:\PythonPj\ACM_Leave
2023-06-13 14:42:57.598 | INFO     | __main__:<module>:11 - LogoQss Link Success : <module 'lib.qss.Logo_Qss_rc' from 'E:\\PythonPj\\ACM_Leave\\lib\\qss\\Logo_Qss_rc.py'>
2023-06-13 14:48:57.079 | INFO     | bin:<module>:67 - BASE_DIR : E:\PythonPj\ACM_Leave
2023-06-13 14:48:57.084 | INFO     | __main__:<module>:11 - LogoQss Link Success : <module 'lib.qss.Logo_Qss_rc' from 'E:\\PythonPj\\ACM_Leave\\lib\\qss\\Logo_Qss_rc.py'>
2023-06-13 14:51:13.689 | INFO     | bin:<module>:67 - BASE_DIR : E:\PythonPj\ACM_Leave
2023-06-13 14:51:13.696 | INFO     | __main__:<module>:11 - LogoQss Link Success : <module 'lib.qss.Logo_Qss_rc' from 'E:\\PythonPj\\ACM_Leave\\lib\\qss\\Logo_Qss_rc.py'>
2023-06-13 14:58:56.549 | INFO     | bin:<module>:67 - BASE_DIR : E:\PythonPj\ACM_Leave
2023-06-13 14:58:56.555 | INFO     | __main__:<module>:11 - LogoQss Link Success : <module 'lib.qss.Logo_Qss_rc' from 'E:\\PythonPj\\ACM_Leave\\lib\\qss\\Logo_Qss_rc.py'>
2023-06-13 15:02:58.524 | INFO     | bin:<module>:67 - BASE_DIR : E:\PythonPj\ACM_Leave
2023-06-13 15:02:58.529 | INFO     | __main__:<module>:11 - LogoQss Link Success : <module 'lib.qss.Logo_Qss_rc' from 'E:\\PythonPj\\ACM_Leave\\lib\\qss\\Logo_Qss_rc.py'>
2023-06-13 15:03:21.316 | INFO     | bin:<module>:67 - BASE_DIR : E:\PythonPj\ACM_Leave
2023-06-13 15:03:21.328 | INFO     | __main__:<module>:11 - LogoQss Link Success : <module 'lib.qss.Logo_Qss_rc' from 'E:\\PythonPj\\ACM_Leave\\lib\\qss\\Logo_Qss_rc.py'>
2023-06-13 15:04:38.776 | INFO     | bin:<module>:67 - BASE_DIR : E:\PythonPj\ACM_Leave
2023-06-13 15:04:38.782 | INFO     | __main__:<module>:11 - LogoQss Link Success : <module 'lib.qss.Logo_Qss_rc' from 'E:\\PythonPj\\ACM_Leave\\lib\\qss\\Logo_Qss_rc.py'>
2023-06-13 15:06:47.038 | INFO     | bin:<module>:67 - BASE_DIR : E:\PythonPj\ACM_Leave
2023-06-13 15:06:47.047 | INFO     | __main__:<module>:11 - LogoQss Link Success : <module 'lib.qss.Logo_Qss_rc' from 'E:\\PythonPj\\ACM_Leave\\lib\\qss\\Logo_Qss_rc.py'>
2023-06-13 15:09:41.367 | INFO     | bin:<module>:67 - BASE_DIR : E:\PythonPj\ACM_Leave
2023-06-13 15:09:41.376 | INFO     | __main__:<module>:11 - LogoQss Link Success : <module 'lib.qss.Logo_Qss_rc' from 'E:\\PythonPj\\ACM_Leave\\lib\\qss\\Logo_Qss_rc.py'>
2023-06-13 15:10:24.482 | INFO     | bin:<module>:67 - BASE_DIR : E:\PythonPj\ACM_Leave
2023-06-13 15:10:24.489 | INFO     | __main__:<module>:11 - LogoQss Link Success : <module 'lib.qss.Logo_Qss_rc' from 'E:\\PythonPj\\ACM_Leave\\lib\\qss\\Logo_Qss_rc.py'>
2023-06-13 15:11:20.631 | INFO     | bin:<module>:67 - BASE_DIR : E:\PythonPj\ACM_Leave
2023-06-13 15:11:20.636 | INFO     | __main__:<module>:11 - LogoQss Link Success : <module 'lib.qss.Logo_Qss_rc' from 'E:\\PythonPj\\ACM_Leave\\lib\\qss\\Logo_Qss_rc.py'>
2023-06-13 15:12:03.286 | INFO     | bin:<module>:67 - BASE_DIR : E:\PythonPj\ACM_Leave
2023-06-13 15:12:03.293 | INFO     | __main__:<module>:11 - LogoQss Link Success : <module 'lib.qss.Logo_Qss_rc' from 'E:\\PythonPj\\ACM_Leave\\lib\\qss\\Logo_Qss_rc.py'>
2023-06-13 15:12:40.315 | INFO     | bin:<module>:67 - BASE_DIR : E:\PythonPj\ACM_Leave
2023-06-13 15:12:40.322 | INFO     | __main__:<module>:11 - LogoQss Link Success : <module 'lib.qss.Logo_Qss_rc' from 'E:\\PythonPj\\ACM_Leave\\lib\\qss\\Logo_Qss_rc.py'>
2023-06-13 15:13:20.739 | INFO     | bin:<module>:67 - BASE_DIR : E:\PythonPj\ACM_Leave
2023-06-13 15:13:20.746 | INFO     | __main__:<module>:11 - LogoQss Link Success : <module 'lib.qss.Logo_Qss_rc' from 'E:\\PythonPj\\ACM_Leave\\lib\\qss\\Logo_Qss_rc.py'>
2023-06-13 15:14:01.941 | INFO     | bin:<module>:67 - BASE_DIR : E:\PythonPj\ACM_Leave
2023-06-13 15:14:01.948 | INFO     | __main__:<module>:11 - LogoQss Link Success : <module 'lib.qss.Logo_Qss_rc' from 'E:\\PythonPj\\ACM_Leave\\lib\\qss\\Logo_Qss_rc.py'>
2023-06-13 15:15:10.203 | INFO     | bin:<module>:67 - BASE_DIR : E:\PythonPj\ACM_Leave
2023-06-13 15:15:10.210 | INFO     | __main__:<module>:11 - LogoQss Link Success : <module 'lib.qss.Logo_Qss_rc' from 'E:\\PythonPj\\ACM_Leave\\lib\\qss\\Logo_Qss_rc.py'>
2023-06-13 15:16:29.289 | INFO     | bin:<module>:67 - BASE_DIR : E:\PythonPj\ACM_Leave
2023-06-13 15:16:29.296 | INFO     | __main__:<module>:11 - LogoQss Link Success : <module 'lib.qss.Logo_Qss_rc' from 'E:\\PythonPj\\ACM_Leave\\lib\\qss\\Logo_Qss_rc.py'>
2023-06-13 16:17:37.021 | INFO     | bin:<module>:77 - BASE_DIR : E:\PythonPj\ACM_Leave
2023-06-13 16:17:37.596 | INFO     | __main__:<module>:11 - LogoQss Link Success : <module 'lib.qss.Logo_Qss_rc' from 'E:\\PythonPj\\ACM_Leave\\lib\\qss\\Logo_Qss_rc.py'>
2023-06-13 21:13:58.380 | INFO     | bin:<module>:90 - BASE_DIR : E:\PythonPj\ACM_Leave
2023-06-13 21:15:38.284 | INFO     | bin:<module>:90 - BASE_DIR : E:\PythonPj\ACM_Leave
2023-06-13 21:15:54.580 | INFO     | bin:<module>:90 - BASE_DIR : E:\PythonPj\ACM_Leave
2023-06-13 21:16:54.815 | INFO     | bin:<module>:90 - BASE_DIR : E:\PythonPj\ACM_Leave
2023-06-13 21:17:24.616 | INFO     | bin:<module>:90 - BASE_DIR : E:\PythonPj\ACM_Leave
2023-06-13 21:17:30.126 | INFO     | bin:<module>:90 - BASE_DIR : E:\PythonPj\ACM_Leave
2023-06-13 21:18:19.926 | INFO     | bin:<module>:90 - BASE_DIR : E:\PythonPj\ACM_Leave
2023-06-13 21:38:35.224 | INFO     | bin:<module>:90 - BASE_DIR : E:\PythonPj\ACM_Leave
2023-06-13 21:38:35.508 | INFO     | __main__:<module>:11 - LogoQss Link Success : <module 'lib.qss.Logo_Qss_rc' from 'E:\\PythonPj\\ACM_Leave\\lib\\qss\\Logo_Qss_rc.py'>
2023-06-13 21:40:58.864 | INFO     | bin:<module>:91 - BASE_DIR : E:\PythonPj\ACM_Leave
2023-06-13 21:40:59.124 | INFO     | __main__:<module>:11 - LogoQss Link Success : <module 'lib.qss.Logo_Qss_rc' from 'E:\\PythonPj\\ACM_Leave\\lib\\qss\\Logo_Qss_rc.py'>
2023-06-13 21:43:25.326 | INFO     | bin:<module>:91 - BASE_DIR : E:\PythonPj\ACM_Leave
2023-06-13 21:43:25.585 | INFO     | __main__:<module>:11 - LogoQss Link Success : <module 'lib.qss.Logo_Qss_rc' from 'E:\\PythonPj\\ACM_Leave\\lib\\qss\\Logo_Qss_rc.py'>
2023-06-13 21:43:50.485 | INFO     | bin:<module>:91 - BASE_DIR : E:\PythonPj\ACM_Leave
2023-06-13 21:43:50.825 | INFO     | __main__:<module>:11 - LogoQss Link Success : <module 'lib.qss.Logo_Qss_rc' from 'E:\\PythonPj\\ACM_Leave\\lib\\qss\\Logo_Qss_rc.py'>
2023-06-13 21:45:16.566 | INFO     | bin:<module>:91 - BASE_DIR : E:\PythonPj\ACM_Leave
2023-06-13 21:45:16.912 | INFO     | __main__:<module>:11 - LogoQss Link Success : <module 'lib.qss.Logo_Qss_rc' from 'E:\\PythonPj\\ACM_Leave\\lib\\qss\\Logo_Qss_rc.py'>
2023-06-13 21:48:35.865 | INFO     | bin:<module>:95 - BASE_DIR : E:\PythonPj\ACM_Leave
2023-06-13 21:48:36.198 | INFO     | __main__:<module>:11 - LogoQss Link Success : <module 'lib.qss.Logo_Qss_rc' from 'E:\\PythonPj\\ACM_Leave\\lib\\qss\\Logo_Qss_rc.py'>
2023-06-13 21:49:01.883 | INFO     | bin:<module>:97 - BASE_DIR : E:\PythonPj\ACM_Leave
2023-06-13 21:49:02.222 | INFO     | __main__:<module>:11 - LogoQss Link Success : <module 'lib.qss.Logo_Qss_rc' from 'E:\\PythonPj\\ACM_Leave\\lib\\qss\\Logo_Qss_rc.py'>
2023-06-13 21:49:22.706 | INFO     | bin:<module>:97 - BASE_DIR : E:\PythonPj\ACM_Leave
2023-06-13 21:49:23.036 | INFO     | __main__:<module>:11 - LogoQss Link Success : <module 'lib.qss.Logo_Qss_rc' from 'E:\\PythonPj\\ACM_Leave\\lib\\qss\\Logo_Qss_rc.py'>
2023-06-21 20:28:13.286 | INFO     | bin:<module>:97 - BASE_DIR : E:\PythonPj\ACM_Leave
2023-06-21 20:28:13.811 | INFO     | __main__:<module>:11 - LogoQss Link Success : <module 'lib.qss.Logo_Qss_rc' from 'E:\\PythonPj\\ACM_Leave\\lib\\qss\\Logo_Qss_rc.py'>
2023-06-22 00:22:07.916 | INFO     | bin:<module>:97 - BASE_DIR : E:\PythonPj\ACM_Leave
2023-06-22 00:22:08.230 | INFO     | __main__:<module>:12 - LogoQss Link Success : <module 'lib.qss.Logo_Qss_rc' from 'E:\\PythonPj\\ACM_Leave\\lib\\qss\\Logo_Qss_rc.py'>
2023-06-22 00:22:52.685 | INFO     | bin:<module>:97 - BASE_DIR : E:\PythonPj\ACM_Leave
2023-06-22 00:22:52.984 | INFO     | __main__:<module>:12 - LogoQss Link Success : <module 'lib.qss.Logo_Qss_rc' from 'E:\\PythonPj\\ACM_Leave\\lib\\qss\\Logo_Qss_rc.py'>
2023-06-22 00:26:18.009 | INFO     | bin:<module>:97 - BASE_DIR : E:\PythonPj\ACM_Leave
2023-06-22 00:26:18.280 | INFO     | __main__:<module>:12 - LogoQss Link Success : <module 'lib.qss.Logo_Qss_rc' from 'E:\\PythonPj\\ACM_Leave\\lib\\qss\\Logo_Qss_rc.py'>
2023-06-22 00:26:38.624 | INFO     | bin:<module>:97 - BASE_DIR : E:\PythonPj\ACM_Leave
2023-06-22 00:26:38.893 | INFO     | __main__:<module>:12 - LogoQss Link Success : <module 'lib.qss.Logo_Qss_rc' from 'E:\\PythonPj\\ACM_Leave\\lib\\qss\\Logo_Qss_rc.py'>
2023-06-22 00:27:31.524 | INFO     | bin:<module>:97 - BASE_DIR : E:\PythonPj\ACM_Leave
2023-06-22 00:27:31.793 | INFO     | __main__:<module>:12 - LogoQss Link Success : <module 'lib.qss.Logo_Qss_rc' from 'E:\\PythonPj\\ACM_Leave\\lib\\qss\\Logo_Qss_rc.py'>
2023-06-22 00:28:10.438 | INFO     | bin:<module>:97 - BASE_DIR : E:\PythonPj\ACM_Leave
2023-06-22 00:28:10.704 | INFO     | __main__:<module>:12 - LogoQss Link Success : <module 'lib.qss.Logo_Qss_rc' from 'E:\\PythonPj\\ACM_Leave\\lib\\qss\\Logo_Qss_rc.py'>
2023-06-22 00:28:27.753 | INFO     | bin:<module>:97 - BASE_DIR : E:\PythonPj\ACM_Leave
2023-06-22 00:28:28.038 | INFO     | __main__:<module>:12 - LogoQss Link Success : <module 'lib.qss.Logo_Qss_rc' from 'E:\\PythonPj\\ACM_Leave\\lib\\qss\\Logo_Qss_rc.py'>
2023-06-22 00:28:41.546 | INFO     | bin:<module>:97 - BASE_DIR : E:\PythonPj\ACM_Leave
2023-06-22 00:28:41.816 | INFO     | __main__:<module>:12 - LogoQss Link Success : <module 'lib.qss.Logo_Qss_rc' from 'E:\\PythonPj\\ACM_Leave\\lib\\qss\\Logo_Qss_rc.py'>
2023-06-22 00:29:16.038 | INFO     | bin:<module>:97 - BASE_DIR : E:\PythonPj\ACM_Leave
2023-06-22 00:29:16.313 | INFO     | __main__:<module>:12 - LogoQss Link Success : <module 'lib.qss.Logo_Qss_rc' from 'E:\\PythonPj\\ACM_Leave\\lib\\qss\\Logo_Qss_rc.py'>
2023-06-22 00:29:58.691 | INFO     | bin:<module>:97 - BASE_DIR : E:\PythonPj\ACM_Leave
2023-06-22 00:29:58.983 | INFO     | __main__:<module>:12 - LogoQss Link Success : <module 'lib.qss.Logo_Qss_rc' from 'E:\\PythonPj\\ACM_Leave\\lib\\qss\\Logo_Qss_rc.py'>
2023-06-22 00:31:06.187 | INFO     | bin:<module>:97 - BASE_DIR : E:\PythonPj\ACM_Leave
2023-06-22 00:31:06.451 | INFO     | __main__:<module>:12 - LogoQss Link Success : <module 'lib.qss.Logo_Qss_rc' from 'E:\\PythonPj\\ACM_Leave\\lib\\qss\\Logo_Qss_rc.py'>
2023-06-22 00:31:58.831 | INFO     | bin:<module>:97 - BASE_DIR : E:\PythonPj\ACM_Leave
2023-06-22 00:31:59.098 | INFO     | __main__:<module>:12 - LogoQss Link Success : <module 'lib.qss.Logo_Qss_rc' from 'E:\\PythonPj\\ACM_Leave\\lib\\qss\\Logo_Qss_rc.py'>
2023-06-22 00:32:40.774 | INFO     | bin:<module>:97 - BASE_DIR : E:\PythonPj\ACM_Leave
2023-06-22 00:32:41.062 | INFO     | __main__:<module>:12 - LogoQss Link Success : <module 'lib.qss.Logo_Qss_rc' from 'E:\\PythonPj\\ACM_Leave\\lib\\qss\\Logo_Qss_rc.py'>
2023-06-22 00:33:22.977 | INFO     | bin:<module>:97 - BASE_DIR : E:\PythonPj\ACM_Leave
2023-06-22 00:33:23.253 | INFO     | __main__:<module>:12 - LogoQss Link Success : <module 'lib.qss.Logo_Qss_rc' from 'E:\\PythonPj\\ACM_Leave\\lib\\qss\\Logo_Qss_rc.py'>
2023-06-22 00:40:12.459 | INFO     | bin:<module>:97 - BASE_DIR : E:\PythonPj\ACM_Leave
2023-06-22 00:40:12.727 | INFO     | __main__:<module>:12 - LogoQss Link Success : <module 'lib.qss.Logo_Qss_rc' from 'E:\\PythonPj\\ACM_Leave\\lib\\qss\\Logo_Qss_rc.py'>
2023-06-22 00:40:29.252 | INFO     | bin:<module>:97 - BASE_DIR : E:\PythonPj\ACM_Leave
2023-06-22 00:40:29.520 | INFO     | __main__:<module>:12 - LogoQss Link Success : <module 'lib.qss.Logo_Qss_rc' from 'E:\\PythonPj\\ACM_Leave\\lib\\qss\\Logo_Qss_rc.py'>
2023-06-22 01:19:37.706 | INFO     | bin:<module>:97 - BASE_DIR : E:\PythonPj\ACM_Leave
2023-06-22 01:19:38.001 | INFO     | __main__:<module>:12 - LogoQss Link Success : <module 'lib.qss.Logo_Qss_rc' from 'E:\\PythonPj\\ACM_Leave\\lib\\qss\\Logo_Qss_rc.py'>
2023-06-22 01:21:52.889 | INFO     | bin:<module>:97 - BASE_DIR : E:\PythonPj\ACM_Leave
2023-06-22 01:21:53.180 | INFO     | __main__:<module>:12 - LogoQss Link Success : <module 'lib.qss.Logo_Qss_rc' from 'E:\\PythonPj\\ACM_Leave\\lib\\qss\\Logo_Qss_rc.py'>
2023-06-22 01:22:48.380 | INFO     | bin:<module>:97 - BASE_DIR : E:\PythonPj\ACM_Leave
2023-06-22 01:22:48.662 | INFO     | __main__:<module>:12 - LogoQss Link Success : <module 'lib.qss.Logo_Qss_rc' from 'E:\\PythonPj\\ACM_Leave\\lib\\qss\\Logo_Qss_rc.py'>
2023-06-22 01:23:04.985 | INFO     | bin:<module>:97 - BASE_DIR : E:\PythonPj\ACM_Leave
2023-06-22 01:23:05.367 | INFO     | __main__:<module>:12 - LogoQss Link Success : <module 'lib.qss.Logo_Qss_rc' from 'E:\\PythonPj\\ACM_Leave\\lib\\qss\\Logo_Qss_rc.py'>
2023-06-22 01:23:40.492 | INFO     | bin:<module>:97 - BASE_DIR : E:\PythonPj\ACM_Leave
2023-06-22 01:23:40.886 | INFO     | __main__:<module>:12 - LogoQss Link Success : <module 'lib.qss.Logo_Qss_rc' from 'E:\\PythonPj\\ACM_Leave\\lib\\qss\\Logo_Qss_rc.py'>
2023-06-22 01:24:48.209 | INFO     | bin:<module>:97 - BASE_DIR : E:\PythonPj\ACM_Leave
2023-06-22 01:24:48.600 | INFO     | __main__:<module>:12 - LogoQss Link Success : <module 'lib.qss.Logo_Qss_rc' from 'E:\\PythonPj\\ACM_Leave\\lib\\qss\\Logo_Qss_rc.py'>
2023-06-22 01:27:24.001 | INFO     | bin:<module>:97 - BASE_DIR : E:\PythonPj\ACM_Leave
2023-06-22 01:27:24.385 | INFO     | __main__:<module>:12 - LogoQss Link Success : <module 'lib.qss.Logo_Qss_rc' from 'E:\\PythonPj\\ACM_Leave\\lib\\qss\\Logo_Qss_rc.py'>
2023-06-22 01:29:36.945 | INFO     | bin:<module>:97 - BASE_DIR : E:\PythonPj\ACM_Leave
2023-06-22 01:29:37.325 | INFO     | __main__:<module>:12 - LogoQss Link Success : <module 'lib.qss.Logo_Qss_rc' from 'E:\\PythonPj\\ACM_Leave\\lib\\qss\\Logo_Qss_rc.py'>
2023-06-22 01:32:30.532 | INFO     | bin:<module>:97 - BASE_DIR : E:\PythonPj\ACM_Leave
2023-06-22 01:32:30.913 | INFO     | __main__:<module>:12 - LogoQss Link Success : <module 'lib.qss.Logo_Qss_rc' from 'E:\\PythonPj\\ACM_Leave\\lib\\qss\\Logo_Qss_rc.py'>
2023-06-22 01:33:41.964 | INFO     | bin:<module>:97 - BASE_DIR : E:\PythonPj\ACM_Leave
2023-06-22 01:33:42.477 | INFO     | __main__:<module>:12 - LogoQss Link Success : <module 'lib.qss.Logo_Qss_rc' from 'E:\\PythonPj\\ACM_Leave\\lib\\qss\\Logo_Qss_rc.py'>
2023-06-22 01:45:35.052 | INFO     | __main__:<module>:106 - BASE_DIR : E:\PythonPj\ACM_Leave
2023-06-22 01:51:48.503 | INFO     | __main__:<module>:98 - BASE_DIR : E:\PythonPj\ACM_Leave
2023-06-22 01:52:14.437 | INFO     | bin:<module>:98 - BASE_DIR : E:\PythonPj\ACM_Leave
2023-06-22 01:52:14.893 | INFO     | __main__:<module>:12 - LogoQss Link Success : <module 'lib.qss.Logo_Qss_rc' from 'E:\\PythonPj\\ACM_Leave\\lib\\qss\\Logo_Qss_rc.py'>
2023-06-22 01:53:08.321 | INFO     | bin:<module>:98 - BASE_DIR : E:\PythonPj\ACM_Leave
2023-06-22 01:53:08.730 | INFO     | __main__:<module>:12 - LogoQss Link Success : <module 'lib.qss.Logo_Qss_rc' from 'E:\\PythonPj\\ACM_Leave\\lib\\qss\\Logo_Qss_rc.py'>
2023-06-22 01:54:58.804 | INFO     | bin:<module>:98 - BASE_DIR : E:\PythonPj\ACM_Leave
2023-06-22 01:54:59.222 | INFO     | __main__:<module>:12 - LogoQss Link Success : <module 'lib.qss.Logo_Qss_rc' from 'E:\\PythonPj\\ACM_Leave\\lib\\qss\\Logo_Qss_rc.py'>
2023-06-22 01:58:58.106 | INFO     | bin:<module>:98 - BASE_DIR : E:\PythonPj\ACM_Leave
2023-06-22 01:58:58.521 | INFO     | __main__:<module>:12 - LogoQss Link Success : <module 'lib.qss.Logo_Qss_rc' from 'E:\\PythonPj\\ACM_Leave\\lib\\qss\\Logo_Qss_rc.py'>
2023-06-22 02:01:12.162 | INFO     | bin:<module>:98 - BASE_DIR : E:\PythonPj\ACM_Leave
2023-06-22 02:01:12.566 | INFO     | __main__:<module>:12 - LogoQss Link Success : <module 'lib.qss.Logo_Qss_rc' from 'E:\\PythonPj\\ACM_Leave\\lib\\qss\\Logo_Qss_rc.py'>
2023-06-22 02:01:47.836 | INFO     | bin:<module>:98 - BASE_DIR : E:\PythonPj\ACM_Leave
2023-06-22 02:01:48.237 | INFO     | __main__:<module>:12 - LogoQss Link Success : <module 'lib.qss.Logo_Qss_rc' from 'E:\\PythonPj\\ACM_Leave\\lib\\qss\\Logo_Qss_rc.py'>
2023-07-01 12:43:02.018 | INFO     | bin:<module>:98 - BASE_DIR : E:\PythonPj\ACM_Leave
2023-07-01 12:43:02.487 | INFO     | __main__:<module>:12 - LogoQss Link Success : <module 'lib.qss.Logo_Qss_rc' from 'E:\\PythonPj\\ACM_Leave\\lib\\qss\\Logo_Qss_rc.py'>
2023-07-01 12:43:21.285 | INFO     | bin:<module>:98 - BASE_DIR : E:\PythonPj\ACM_Leave
2023-07-01 12:43:21.598 | INFO     | __main__:<module>:12 - LogoQss Link Success : <module 'lib.qss.Logo_Qss_rc' from 'E:\\PythonPj\\ACM_Leave\\lib\\qss\\Logo_Qss_rc.py'>
2023-07-01 12:43:52.629 | INFO     | bin:<module>:98 - BASE_DIR : E:\PythonPj\ACM_Leave
2023-07-01 12:43:52.943 | INFO     | __main__:<module>:12 - LogoQss Link Success : <module 'lib.qss.Logo_Qss_rc' from 'E:\\PythonPj\\ACM_Leave\\lib\\qss\\Logo_Qss_rc.py'>
2023-07-01 12:46:51.630 | INFO     | bin:<module>:98 - BASE_DIR : E:\PythonPj\ACM_Leave
2023-07-01 12:46:51.939 | INFO     | __main__:<module>:12 - LogoQss Link Success : <module 'lib.qss.Logo_Qss_rc' from 'E:\\PythonPj\\ACM_Leave\\lib\\qss\\Logo_Qss_rc.py'>
2023-07-01 12:51:33.099 | INFO     | bin:<module>:98 - BASE_DIR : E:\PythonPj\ACM_Leave
2023-07-01 12:51:33.507 | INFO     | __main__:<module>:12 - LogoQss Link Success : <module 'lib.qss.Logo_Qss_rc' from 'E:\\PythonPj\\ACM_Leave\\lib\\qss\\Logo_Qss_rc.py'>
2023-07-01 12:51:53.301 | INFO     | bin:<module>:98 - BASE_DIR : E:\PythonPj\ACM_Leave
2023-07-01 12:51:53.703 | INFO     | __main__:<module>:12 - LogoQss Link Success : <module 'lib.qss.Logo_Qss_rc' from 'E:\\PythonPj\\ACM_Leave\\lib\\qss\\Logo_Qss_rc.py'>
2023-07-01 12:52:15.141 | INFO     | bin:<module>:98 - BASE_DIR : E:\PythonPj\ACM_Leave
2023-07-01 12:52:15.542 | INFO     | __main__:<module>:12 - LogoQss Link Success : <module 'lib.qss.Logo_Qss_rc' from 'E:\\PythonPj\\ACM_Leave\\lib\\qss\\Logo_Qss_rc.py'>
2023-07-01 12:52:49.843 | INFO     | bin:<module>:98 - BASE_DIR : E:\PythonPj\ACM_Leave
2023-07-01 12:52:50.236 | INFO     | __main__:<module>:12 - LogoQss Link Success : <module 'lib.qss.Logo_Qss_rc' from 'E:\\PythonPj\\ACM_Leave\\lib\\qss\\Logo_Qss_rc.py'>
2023-07-01 12:54:16.628 | INFO     | bin:<module>:98 - BASE_DIR : E:\PythonPj\ACM_Leave
2023-07-01 12:54:16.958 | INFO     | __main__:<module>:12 - LogoQss Link Success : <module 'lib.qss.Logo_Qss_rc' from 'E:\\PythonPj\\ACM_Leave\\lib\\qss\\Logo_Qss_rc.py'>
2023-07-01 12:54:51.749 | INFO     | bin:<module>:98 - BASE_DIR : E:\PythonPj\ACM_Leave
2023-07-01 12:54:52.035 | INFO     | __main__:<module>:12 - LogoQss Link Success : <module 'lib.qss.Logo_Qss_rc' from 'E:\\PythonPj\\ACM_Leave\\lib\\qss\\Logo_Qss_rc.py'>
2023-07-18 16:14:53.504 | INFO     | bin:<module>:98 - BASE_DIR : E:\PythonPj\ACM_Leave
2023-07-18 16:14:53.822 | INFO     | __main__:<module>:12 - LogoQss Link Success : <module 'lib.qss.Logo_Qss_rc' from 'E:\\PythonPj\\ACM_Leave\\lib\\qss\\Logo_Qss_rc.py'>
2023-09-11 21:37:12.787 | INFO     | bin:<module>:98 - BASE_DIR : E:\Project\PythonPj\ACM_Leave
2023-09-11 21:37:13.103 | INFO     | __main__:<module>:12 - LogoQss Link Success : <module 'lib.qss.Logo_Qss_rc' from 'E:\\Project\\PythonPj\\ACM_Leave\\lib\\qss\\Logo_Qss_rc.py'>
2023-09-11 21:43:01.075 | INFO     | bin:<module>:98 - BASE_DIR : E:\Project\PythonPj\ACM_Leave
2023-09-11 21:43:01.359 | INFO     | __main__:<module>:12 - LogoQss Link Success : <module 'lib.qss.Logo_Qss_rc' from 'E:\\Project\\PythonPj\\ACM_Leave\\lib\\qss\\Logo_Qss_rc.py'>
2023-09-11 21:43:39.885 | INFO     | bin:<module>:98 - BASE_DIR : E:\Project\PythonPj\ACM_Leave
2023-09-11 21:43:40.177 | INFO     | __main__:<module>:12 - LogoQss Link Success : <module 'lib.qss.Logo_Qss_rc' from 'E:\\Project\\PythonPj\\ACM_Leave\\lib\\qss\\Logo_Qss_rc.py'>
2023-09-11 21:45:08.197 | INFO     | bin:<module>:98 - BASE_DIR : E:\Project\PythonPj\ACM_Leave
2023-09-11 21:45:08.493 | INFO     | __main__:<module>:12 - LogoQss Link Success : <module 'lib.qss.Logo_Qss_rc' from 'E:\\Project\\PythonPj\\ACM_Leave\\lib\\qss\\Logo_Qss_rc.py'>
2023-09-11 21:45:17.934 | INFO     | bin:<module>:98 - BASE_DIR : E:\Project\PythonPj\ACM_Leave
2023-09-11 21:45:18.346 | INFO     | __main__:<module>:12 - LogoQss Link Success : <module 'lib.qss.Logo_Qss_rc' from 'E:\\Project\\PythonPj\\ACM_Leave\\lib\\qss\\Logo_Qss_rc.py'>
2023-09-11 21:47:52.060 | INFO     | bin:<module>:98 - BASE_DIR : E:\Project\PythonPj\ACM_Leave
2023-09-11 21:47:52.558 | INFO     | __main__:<module>:12 - LogoQss Link Success : <module 'lib.qss.Logo_Qss_rc' from 'E:\\Project\\PythonPj\\ACM_Leave\\lib\\qss\\Logo_Qss_rc.py'>
2023-09-11 21:50:46.465 | INFO     | bin:<module>:98 - BASE_DIR : E:\Project\PythonPj\ACM_Leave
2023-09-11 21:50:46.871 | INFO     | __main__:<module>:12 - LogoQss Link Success : <module 'lib.qss.Logo_Qss_rc' from 'E:\\Project\\PythonPj\\ACM_Leave\\lib\\qss\\Logo_Qss_rc.py'>
2023-09-11 21:51:33.829 | INFO     | bin:<module>:98 - BASE_DIR : E:\Project\PythonPj\ACM_Leave
2023-09-11 21:51:34.147 | INFO     | __main__:<module>:12 - LogoQss Link Success : <module 'lib.qss.Logo_Qss_rc' from 'E:\\Project\\PythonPj\\ACM_Leave\\lib\\qss\\Logo_Qss_rc.py'>
2023-09-17 18:06:53.765 | INFO     | bin:<module>:98 - BASE_DIR : E:\Project\PythonPj\ACM_Leave
2023-09-17 18:06:54.623 | INFO     | __main__:<module>:12 - LogoQss Link Success : <module 'lib.qss.Logo_Qss_rc' from 'e:\\Project\\PythonPj\\ACM_Leave\\lib\\qss\\Logo_Qss_rc.py'>
2023-09-17 18:09:22.384 | INFO     | bin:<module>:98 - BASE_DIR : E:\Project\PythonPj\ACM_Leave
2023-09-17 18:09:22.818 | INFO     | __main__:<module>:12 - LogoQss Link Success : <module 'lib.qss.Logo_Qss_rc' from 'e:\\Project\\PythonPj\\ACM_Leave\\lib\\qss\\Logo_Qss_rc.py'>
2023-09-17 18:09:30.880 | INFO     | bin:<module>:98 - BASE_DIR : E:\Project\PythonPj\ACM_Leave
2023-09-17 18:09:31.284 | INFO     | __main__:<module>:12 - LogoQss Link Success : <module 'lib.qss.Logo_Qss_rc' from 'e:\\Project\\PythonPj\\ACM_Leave\\lib\\qss\\Logo_Qss_rc.py'>
2023-09-17 18:13:51.506 | INFO     | bin:<module>:98 - BASE_DIR : E:\Project\PythonPj\ACM_Leave
2023-09-17 18:13:51.933 | INFO     | __main__:<module>:12 - LogoQss Link Success : <module 'lib.qss.Logo_Qss_rc' from 'e:\\Project\\PythonPj\\ACM_Leave\\lib\\qss\\Logo_Qss_rc.py'>
2023-09-17 18:15:12.313 | INFO     | bin:<module>:98 - BASE_DIR : E:\Project\PythonPj\ACM_Leave
2023-09-17 18:15:12.705 | INFO     | __main__:<module>:12 - LogoQss Link Success : <module 'lib.qss.Logo_Qss_rc' from 'e:\\Project\\PythonPj\\ACM_Leave\\lib\\qss\\Logo_Qss_rc.py'>
2023-09-17 18:26:59.531 | INFO     | bin:<module>:98 - BASE_DIR : E:\Project\PythonPj\ACM_Leave
2023-09-17 18:26:59.955 | INFO     | __main__:<module>:12 - LogoQss Link Success : <module 'lib.qss.Logo_Qss_rc' from 'e:\\Project\\PythonPj\\ACM_Leave\\lib\\qss\\Logo_Qss_rc.py'>
2023-09-17 18:32:32.886 | INFO     | bin:<module>:98 - BASE_DIR : E:\Project\PythonPj\ACM_Leave
2023-09-17 18:32:33.295 | INFO     | __main__:<module>:12 - LogoQss Link Success : <module 'lib.qss.Logo_Qss_rc' from 'e:\\Project\\PythonPj\\ACM_Leave\\lib\\qss\\Logo_Qss_rc.py'>
2023-09-17 18:32:57.472 | INFO     | bin:<module>:98 - BASE_DIR : E:\Project\PythonPj\ACM_Leave
2023-09-17 18:32:57.869 | INFO     | __main__:<module>:12 - LogoQss Link Success : <module 'lib.qss.Logo_Qss_rc' from 'e:\\Project\\PythonPj\\ACM_Leave\\lib\\qss\\Logo_Qss_rc.py'>
2023-09-17 18:33:26.403 | INFO     | bin:<module>:98 - BASE_DIR : E:\Project\PythonPj\ACM_Leave
2023-09-17 18:33:26.793 | INFO     | __main__:<module>:12 - LogoQss Link Success : <module 'lib.qss.Logo_Qss_rc' from 'e:\\Project\\PythonPj\\ACM_Leave\\lib\\qss\\Logo_Qss_rc.py'>
2023-09-17 18:42:48.459 | INFO     | bin:<module>:99 - BASE_DIR : E:\Project\PythonPj\ACM_Leave
2023-09-17 18:42:48.853 | INFO     | __main__:<module>:12 - LogoQss Link Success : <module 'lib.qss.Logo_Qss_rc' from 'e:\\Project\\PythonPj\\ACM_Leave\\lib\\qss\\Logo_Qss_rc.py'>
2023-09-17 18:45:28.331 | INFO     | bin:<module>:99 - BASE_DIR : E:\Project\PythonPj\ACM_Leave
2023-09-17 18:45:28.724 | INFO     | __main__:<module>:12 - LogoQss Link Success : <module 'lib.qss.Logo_Qss_rc' from 'e:\\Project\\PythonPj\\ACM_Leave\\lib\\qss\\Logo_Qss_rc.py'>
2023-09-17 18:45:58.205 | INFO     | bin:<module>:99 - BASE_DIR : E:\Project\PythonPj\ACM_Leave
2023-09-17 18:45:58.604 | INFO     | __main__:<module>:12 - LogoQss Link Success : <module 'lib.qss.Logo_Qss_rc' from 'e:\\Project\\PythonPj\\ACM_Leave\\lib\\qss\\Logo_Qss_rc.py'>
2023-09-17 18:47:08.909 | INFO     | bin:<module>:99 - BASE_DIR : E:\Project\PythonPj\ACM_Leave
2023-09-17 18:47:09.295 | INFO     | __main__:<module>:12 - LogoQss Link Success : <module 'lib.qss.Logo_Qss_rc' from 'e:\\Project\\PythonPj\\ACM_Leave\\lib\\qss\\Logo_Qss_rc.py'>
2023-09-17 18:47:22.303 | INFO     | bin:<module>:99 - BASE_DIR : E:\Project\PythonPj\ACM_Leave
2023-09-17 18:47:22.692 | INFO     | __main__:<module>:12 - LogoQss Link Success : <module 'lib.qss.Logo_Qss_rc' from 'e:\\Project\\PythonPj\\ACM_Leave\\lib\\qss\\Logo_Qss_rc.py'>
2023-09-17 18:47:53.833 | INFO     | bin:<module>:99 - BASE_DIR : E:\Project\PythonPj\ACM_Leave
2023-09-17 18:47:54.224 | INFO     | __main__:<module>:12 - LogoQss Link Success : <module 'lib.qss.Logo_Qss_rc' from 'e:\\Project\\PythonPj\\ACM_Leave\\lib\\qss\\Logo_Qss_rc.py'>
2023-09-17 18:48:01.782 | INFO     | bin:<module>:99 - BASE_DIR : E:\Project\PythonPj\ACM_Leave
2023-09-17 18:48:02.185 | INFO     | __main__:<module>:12 - LogoQss Link Success : <module 'lib.qss.Logo_Qss_rc' from 'e:\\Project\\PythonPj\\ACM_Leave\\lib\\qss\\Logo_Qss_rc.py'>
2023-09-17 18:48:29.142 | INFO     | bin:<module>:99 - BASE_DIR : E:\Project\PythonPj\ACM_Leave
2023-09-17 18:48:29.532 | INFO     | __main__:<module>:12 - LogoQss Link Success : <module 'lib.qss.Logo_Qss_rc' from 'e:\\Project\\PythonPj\\ACM_Leave\\lib\\qss\\Logo_Qss_rc.py'>
2023-09-17 18:49:10.950 | INFO     | bin:<module>:99 - BASE_DIR : E:\Project\PythonPj\ACM_Leave
2023-09-17 18:49:11.340 | INFO     | __main__:<module>:12 - LogoQss Link Success : <module 'lib.qss.Logo_Qss_rc' from 'e:\\Project\\PythonPj\\ACM_Leave\\lib\\qss\\Logo_Qss_rc.py'>
2023-09-17 19:05:24.252 | INFO     | bin:<module>:99 - BASE_DIR : E:\Project\PythonPj\ACM_Leave
2023-09-17 19:05:24.665 | INFO     | __main__:<module>:12 - LogoQss Link Success : <module 'lib.qss.Logo_Qss_rc' from 'e:\\Project\\PythonPj\\ACM_Leave\\lib\\qss\\Logo_Qss_rc.py'>
2023-09-17 19:05:51.629 | INFO     | bin:<module>:99 - BASE_DIR : E:\Project\PythonPj\ACM_Leave
2023-09-17 19:05:52.028 | INFO     | __main__:<module>:12 - LogoQss Link Success : <module 'lib.qss.Logo_Qss_rc' from 'e:\\Project\\PythonPj\\ACM_Leave\\lib\\qss\\Logo_Qss_rc.py'>
2023-09-18 09:47:02.970 | INFO     | bin:<module>:99 - BASE_DIR : E:\Project\PythonPj\ACM_Leave
2023-09-18 09:47:03.414 | INFO     | __main__:<module>:12 - LogoQss Link Success : <module 'lib.qss.Logo_Qss_rc' from 'e:\\Project\\PythonPj\\ACM_Leave\\lib\\qss\\Logo_Qss_rc.py'>
2023-09-18 09:48:29.049 | INFO     | bin:<module>:99 - BASE_DIR : E:\Project\PythonPj\ACM_Leave
2023-09-18 09:48:29.495 | INFO     | __main__:<module>:12 - LogoQss Link Success : <module 'lib.qss.Logo_Qss_rc' from 'e:\\Project\\PythonPj\\ACM_Leave\\lib\\qss\\Logo_Qss_rc.py'>
2023-09-18 09:49:14.134 | INFO     | bin:<module>:99 - BASE_DIR : E:\Project\PythonPj\ACM_Leave
2023-09-18 09:49:14.640 | INFO     | __main__:<module>:12 - LogoQss Link Success : <module 'lib.qss.Logo_Qss_rc' from 'e:\\Project\\PythonPj\\ACM_Leave\\lib\\qss\\Logo_Qss_rc.py'>
2023-09-18 09:49:24.574 | INFO     | bin:<module>:99 - BASE_DIR : E:\Project\PythonPj\ACM_Leave
2023-09-18 09:49:25.010 | INFO     | __main__:<module>:12 - LogoQss Link Success : <module 'lib.qss.Logo_Qss_rc' from 'e:\\Project\\PythonPj\\ACM_Leave\\lib\\qss\\Logo_Qss_rc.py'>
2023-09-18 09:49:41.763 | INFO     | bin:<module>:99 - BASE_DIR : E:\Project\PythonPj\ACM_Leave
2023-09-18 09:49:42.191 | INFO     | __main__:<module>:12 - LogoQss Link Success : <module 'lib.qss.Logo_Qss_rc' from 'e:\\Project\\PythonPj\\ACM_Leave\\lib\\qss\\Logo_Qss_rc.py'>
2023-09-18 09:51:59.478 | INFO     | bin:<module>:99 - BASE_DIR : E:\Project\PythonPj\ACM_Leave
2023-09-18 09:51:59.902 | INFO     | __main__:<module>:12 - LogoQss Link Success : <module 'lib.qss.Logo_Qss_rc' from 'e:\\Project\\PythonPj\\ACM_Leave\\lib\\qss\\Logo_Qss_rc.py'>
2023-09-18 09:55:52.894 | INFO     | bin:<module>:99 - BASE_DIR : E:\Project\PythonPj\ACM_Leave
2023-09-18 09:55:53.318 | INFO     | __main__:<module>:12 - LogoQss Link Success : <module 'lib.qss.Logo_Qss_rc' from 'e:\\Project\\PythonPj\\ACM_Leave\\lib\\qss\\Logo_Qss_rc.py'>
2023-09-18 09:56:55.839 | INFO     | bin:<module>:99 - BASE_DIR : E:\Project\PythonPj\ACM_Leave
2023-09-18 09:56:56.311 | INFO     | __main__:<module>:12 - LogoQss Link Success : <module 'lib.qss.Logo_Qss_rc' from 'e:\\Project\\PythonPj\\ACM_Leave\\lib\\qss\\Logo_Qss_rc.py'>
2023-09-18 09:57:10.010 | INFO     | bin:<module>:99 - BASE_DIR : E:\Project\PythonPj\ACM_Leave
2023-09-18 09:57:10.428 | INFO     | __main__:<module>:12 - LogoQss Link Success : <module 'lib.qss.Logo_Qss_rc' from 'e:\\Project\\PythonPj\\ACM_Leave\\lib\\qss\\Logo_Qss_rc.py'>
2023-09-18 10:05:59.589 | INFO     | bin:<module>:99 - BASE_DIR : E:\Project\PythonPj\ACM_Leave
2023-09-18 10:06:00.025 | INFO     | __main__:<module>:12 - LogoQss Link Success : <module 'lib.qss.Logo_Qss_rc' from 'e:\\Project\\PythonPj\\ACM_Leave\\lib\\qss\\Logo_Qss_rc.py'>
2023-09-18 10:06:06.401 | INFO     | bin:<module>:99 - BASE_DIR : E:\Project\PythonPj\ACM_Leave
2023-09-18 10:06:06.813 | INFO     | __main__:<module>:12 - LogoQss Link Success : <module 'lib.qss.Logo_Qss_rc' from 'e:\\Project\\PythonPj\\ACM_Leave\\lib\\qss\\Logo_Qss_rc.py'>
2023-09-18 10:07:00.685 | INFO     | bin:<module>:99 - BASE_DIR : E:\Project\PythonPj\ACM_Leave
2023-09-18 10:07:01.114 | INFO     | __main__:<module>:12 - LogoQss Link Success : <module 'lib.qss.Logo_Qss_rc' from 'e:\\Project\\PythonPj\\ACM_Leave\\lib\\qss\\Logo_Qss_rc.py'>
2023-09-18 10:07:35.841 | INFO     | bin:<module>:99 - BASE_DIR : E:\Project\PythonPj\ACM_Leave
2023-09-18 10:07:36.266 | INFO     | __main__:<module>:12 - LogoQss Link Success : <module 'lib.qss.Logo_Qss_rc' from 'e:\\Project\\PythonPj\\ACM_Leave\\lib\\qss\\Logo_Qss_rc.py'>
2023-09-18 10:08:21.363 | INFO     | bin:<module>:99 - BASE_DIR : E:\Project\PythonPj\ACM_Leave
2023-09-18 10:08:21.825 | INFO     | __main__:<module>:12 - LogoQss Link Success : <module 'lib.qss.Logo_Qss_rc' from 'e:\\Project\\PythonPj\\ACM_Leave\\lib\\qss\\Logo_Qss_rc.py'>
2023-09-18 10:25:36.414 | INFO     | bin:<module>:99 - BASE_DIR : E:\Project\PythonPj\ACM_Leave
2023-09-18 10:25:36.868 | INFO     | __main__:<module>:12 - LogoQss Link Success : <module 'lib.qss.Logo_Qss_rc' from 'e:\\Project\\PythonPj\\ACM_Leave\\lib\\qss\\Logo_Qss_rc.py'>
2023-09-18 10:27:20.735 | INFO     | bin:<module>:99 - BASE_DIR : E:\Project\PythonPj\ACM_Leave
2023-09-18 10:27:21.145 | INFO     | __main__:<module>:12 - LogoQss Link Success : <module 'lib.qss.Logo_Qss_rc' from 'e:\\Project\\PythonPj\\ACM_Leave\\lib\\qss\\Logo_Qss_rc.py'>
2023-09-18 10:33:34.635 | INFO     | bin:<module>:99 - BASE_DIR : E:\Project\PythonPj\ACM_Leave
2023-09-18 10:33:35.067 | INFO     | __main__:<module>:12 - LogoQss Link Success : <module 'lib.qss.Logo_Qss_rc' from 'e:\\Project\\PythonPj\\ACM_Leave\\lib\\qss\\Logo_Qss_rc.py'>
2023-09-18 10:46:13.800 | INFO     | bin:<module>:99 - BASE_DIR : E:\Project\PythonPj\ACM_Leave
2023-09-18 10:46:14.217 | INFO     | __main__:<module>:12 - LogoQss Link Success : <module 'lib.qss.Logo_Qss_rc' from 'e:\\Project\\PythonPj\\ACM_Leave\\lib\\qss\\Logo_Qss_rc.py'>
2023-09-18 10:48:41.831 | INFO     | bin:<module>:99 - BASE_DIR : E:\Project\PythonPj\ACM_Leave
2023-09-18 10:48:42.296 | INFO     | __main__:<module>:12 - LogoQss Link Success : <module 'lib.qss.Logo_Qss_rc' from 'e:\\Project\\PythonPj\\ACM_Leave\\lib\\qss\\Logo_Qss_rc.py'>
2023-09-18 10:49:13.419 | INFO     | bin:<module>:99 - BASE_DIR : E:\Project\PythonPj\ACM_Leave
2023-09-18 10:49:13.850 | INFO     | __main__:<module>:12 - LogoQss Link Success : <module 'lib.qss.Logo_Qss_rc' from 'e:\\Project\\PythonPj\\ACM_Leave\\lib\\qss\\Logo_Qss_rc.py'>
2023-09-18 10:49:43.499 | INFO     | bin:<module>:99 - BASE_DIR : E:\Project\PythonPj\ACM_Leave
2023-09-18 10:49:43.927 | INFO     | __main__:<module>:12 - LogoQss Link Success : <module 'lib.qss.Logo_Qss_rc' from 'e:\\Project\\PythonPj\\ACM_Leave\\lib\\qss\\Logo_Qss_rc.py'>
2023-09-18 10:50:17.022 | INFO     | bin:<module>:99 - BASE_DIR : E:\Project\PythonPj\ACM_Leave
2023-09-18 10:50:17.450 | INFO     | __main__:<module>:12 - LogoQss Link Success : <module 'lib.qss.Logo_Qss_rc' from 'e:\\Project\\PythonPj\\ACM_Leave\\lib\\qss\\Logo_Qss_rc.py'>
2023-09-18 10:51:39.600 | INFO     | bin:<module>:99 - BASE_DIR : E:\Project\PythonPj\ACM_Leave
2023-09-18 10:51:40.036 | INFO     | __main__:<module>:12 - LogoQss Link Success : <module 'lib.qss.Logo_Qss_rc' from 'e:\\Project\\PythonPj\\ACM_Leave\\lib\\qss\\Logo_Qss_rc.py'>
2023-09-18 10:53:03.679 | INFO     | bin:<module>:99 - BASE_DIR : E:\Project\PythonPj\ACM_Leave
2023-09-18 10:53:04.111 | INFO     | __main__:<module>:12 - LogoQss Link Success : <module 'lib.qss.Logo_Qss_rc' from 'e:\\Project\\PythonPj\\ACM_Leave\\lib\\qss\\Logo_Qss_rc.py'>
2023-09-18 10:53:29.869 | INFO     | bin:<module>:99 - BASE_DIR : E:\Project\PythonPj\ACM_Leave
2023-09-18 10:53:30.295 | INFO     | __main__:<module>:12 - LogoQss Link Success : <module 'lib.qss.Logo_Qss_rc' from 'e:\\Project\\PythonPj\\ACM_Leave\\lib\\qss\\Logo_Qss_rc.py'>
2023-09-18 10:53:45.861 | INFO     | bin:<module>:99 - BASE_DIR : E:\Project\PythonPj\ACM_Leave
2023-09-18 10:53:46.293 | INFO     | __main__:<module>:12 - LogoQss Link Success : <module 'lib.qss.Logo_Qss_rc' from 'e:\\Project\\PythonPj\\ACM_Leave\\lib\\qss\\Logo_Qss_rc.py'>
2023-09-18 10:54:19.765 | INFO     | bin:<module>:99 - BASE_DIR : E:\Project\PythonPj\ACM_Leave
2023-09-18 10:54:20.192 | INFO     | __main__:<module>:12 - LogoQss Link Success : <module 'lib.qss.Logo_Qss_rc' from 'e:\\Project\\PythonPj\\ACM_Leave\\lib\\qss\\Logo_Qss_rc.py'>
2023-09-18 10:55:31.183 | INFO     | bin:<module>:99 - BASE_DIR : E:\Project\PythonPj\ACM_Leave
2023-09-18 10:55:31.611 | INFO     | __main__:<module>:12 - LogoQss Link Success : <module 'lib.qss.Logo_Qss_rc' from 'e:\\Project\\PythonPj\\ACM_Leave\\lib\\qss\\Logo_Qss_rc.py'>
2023-09-18 10:56:11.178 | INFO     | bin:<module>:99 - BASE_DIR : E:\Project\PythonPj\ACM_Leave
2023-09-18 10:56:11.603 | INFO     | __main__:<module>:12 - LogoQss Link Success : <module 'lib.qss.Logo_Qss_rc' from 'e:\\Project\\PythonPj\\ACM_Leave\\lib\\qss\\Logo_Qss_rc.py'>
2023-09-18 10:56:51.772 | INFO     | bin:<module>:99 - BASE_DIR : E:\Project\PythonPj\ACM_Leave
2023-09-18 10:56:52.204 | INFO     | __main__:<module>:12 - LogoQss Link Success : <module 'lib.qss.Logo_Qss_rc' from 'e:\\Project\\PythonPj\\ACM_Leave\\lib\\qss\\Logo_Qss_rc.py'>
2023-09-18 11:00:42.229 | INFO     | bin:<module>:99 - BASE_DIR : E:\Project\PythonPj\ACM_Leave
2023-09-18 11:00:42.659 | INFO     | __main__:<module>:12 - LogoQss Link Success : <module 'lib.qss.Logo_Qss_rc' from 'e:\\Project\\PythonPj\\ACM_Leave\\lib\\qss\\Logo_Qss_rc.py'>
2023-09-18 11:01:55.190 | INFO     | bin:<module>:99 - BASE_DIR : E:\Project\PythonPj\ACM_Leave
2023-09-18 11:01:55.627 | INFO     | __main__:<module>:12 - LogoQss Link Success : <module 'lib.qss.Logo_Qss_rc' from 'e:\\Project\\PythonPj\\ACM_Leave\\lib\\qss\\Logo_Qss_rc.py'>
2023-09-18 11:13:04.108 | INFO     | bin:<module>:99 - BASE_DIR : E:\Project\PythonPj\ACM_Leave
2023-09-18 11:13:04.524 | INFO     | __main__:<module>:12 - LogoQss Link Success : <module 'lib.qss.Logo_Qss_rc' from 'e:\\Project\\PythonPj\\ACM_Leave\\lib\\qss\\Logo_Qss_rc.py'>
2023-09-18 11:13:59.389 | INFO     | bin:<module>:99 - BASE_DIR : E:\Project\PythonPj\ACM_Leave
2023-09-18 11:13:59.812 | INFO     | __main__:<module>:12 - LogoQss Link Success : <module 'lib.qss.Logo_Qss_rc' from 'e:\\Project\\PythonPj\\ACM_Leave\\lib\\qss\\Logo_Qss_rc.py'>
2023-09-18 11:15:11.701 | INFO     | bin:<module>:99 - BASE_DIR : E:\Project\PythonPj\ACM_Leave
2023-09-18 11:15:12.112 | INFO     | __main__:<module>:12 - LogoQss Link Success : <module 'lib.qss.Logo_Qss_rc' from 'e:\\Project\\PythonPj\\ACM_Leave\\lib\\qss\\Logo_Qss_rc.py'>
2023-09-18 11:16:33.802 | INFO     | bin:<module>:99 - BASE_DIR : E:\Project\PythonPj\ACM_Leave
2023-09-18 11:16:34.252 | INFO     | __main__:<module>:12 - LogoQss Link Success : <module 'lib.qss.Logo_Qss_rc' from 'e:\\Project\\PythonPj\\ACM_Leave\\lib\\qss\\Logo_Qss_rc.py'>
2023-09-18 11:17:13.440 | INFO     | bin:<module>:99 - BASE_DIR : E:\Project\PythonPj\ACM_Leave
2023-09-18 11:17:13.869 | INFO     | __main__:<module>:12 - LogoQss Link Success : <module 'lib.qss.Logo_Qss_rc' from 'e:\\Project\\PythonPj\\ACM_Leave\\lib\\qss\\Logo_Qss_rc.py'>
2023-09-18 11:19:58.142 | INFO     | bin:<module>:99 - BASE_DIR : E:\Project\PythonPj\ACM_Leave
2023-09-18 11:19:58.595 | INFO     | __main__:<module>:12 - LogoQss Link Success : <module 'lib.qss.Logo_Qss_rc' from 'e:\\Project\\PythonPj\\ACM_Leave\\lib\\qss\\Logo_Qss_rc.py'>
2023-09-18 11:22:34.697 | INFO     | bin:<module>:99 - BASE_DIR : E:\Project\PythonPj\ACM_Leave
2023-09-18 11:22:35.145 | INFO     | __main__:<module>:12 - LogoQss Link Success : <module 'lib.qss.Logo_Qss_rc' from 'e:\\Project\\PythonPj\\ACM_Leave\\lib\\qss\\Logo_Qss_rc.py'>
2023-09-18 11:23:18.418 | INFO     | bin:<module>:99 - BASE_DIR : E:\Project\PythonPj\ACM_Leave
2023-09-18 11:23:18.888 | INFO     | __main__:<module>:12 - LogoQss Link Success : <module 'lib.qss.Logo_Qss_rc' from 'e:\\Project\\PythonPj\\ACM_Leave\\lib\\qss\\Logo_Qss_rc.py'>
2023-09-18 11:23:51.206 | INFO     | bin:<module>:99 - BASE_DIR : E:\Project\PythonPj\ACM_Leave
2023-09-18 11:23:51.660 | INFO     | __main__:<module>:12 - LogoQss Link Success : <module 'lib.qss.Logo_Qss_rc' from 'e:\\Project\\PythonPj\\ACM_Leave\\lib\\qss\\Logo_Qss_rc.py'>
2023-09-18 11:25:21.518 | INFO     | bin:<module>:99 - BASE_DIR : E:\Project\PythonPj\ACM_Leave
2023-09-18 11:25:21.959 | INFO     | __main__:<module>:12 - LogoQss Link Success : <module 'lib.qss.Logo_Qss_rc' from 'e:\\Project\\PythonPj\\ACM_Leave\\lib\\qss\\Logo_Qss_rc.py'>
2023-09-18 11:26:39.097 | INFO     | bin:<module>:99 - BASE_DIR : E:\Project\PythonPj\ACM_Leave
2023-09-18 11:26:39.536 | INFO     | __main__:<module>:12 - LogoQss Link Success : <module 'lib.qss.Logo_Qss_rc' from 'e:\\Project\\PythonPj\\ACM_Leave\\lib\\qss\\Logo_Qss_rc.py'>
2023-09-18 11:28:58.718 | INFO     | bin:<module>:99 - BASE_DIR : E:\Project\PythonPj\ACM_Leave
2023-09-18 11:28:59.167 | INFO     | __main__:<module>:12 - LogoQss Link Success : <module 'lib.qss.Logo_Qss_rc' from 'e:\\Project\\PythonPj\\ACM_Leave\\lib\\qss\\Logo_Qss_rc.py'>
2023-09-18 11:40:19.464 | INFO     | bin:<module>:99 - BASE_DIR : E:\Project\PythonPj\ACM_Leave
2023-09-18 11:41:41.884 | INFO     | bin:<module>:99 - BASE_DIR : E:\Project\PythonPj\ACM_Leave
2023-09-18 11:41:42.320 | INFO     | __main__:<module>:12 - LogoQss Link Success : <module 'lib.qss.Logo_Qss_rc' from 'e:\\Project\\PythonPj\\ACM_Leave\\lib\\qss\\Logo_Qss_rc.py'>
2023-09-18 12:56:07.100 | INFO     | bin:<module>:99 - BASE_DIR : E:\Project\PythonPj\ACM_Leave
2023-09-18 12:56:07.571 | INFO     | __main__:<module>:12 - LogoQss Link Success : <module 'lib.qss.Logo_Qss_rc' from 'e:\\Project\\PythonPj\\ACM_Leave\\lib\\qss\\Logo_Qss_rc.py'>
2023-09-18 12:58:10.688 | INFO     | bin:<module>:99 - BASE_DIR : E:\Project\PythonPj\ACM_Leave
2023-09-18 12:58:11.145 | INFO     | __main__:<module>:12 - LogoQss Link Success : <module 'lib.qss.Logo_Qss_rc' from 'e:\\Project\\PythonPj\\ACM_Leave\\lib\\qss\\Logo_Qss_rc.py'>
2023-09-18 13:10:41.211 | INFO     | bin:<module>:99 - BASE_DIR : E:\Project\PythonPj\ACM_Leave
2023-09-18 13:10:41.647 | INFO     | __main__:<module>:12 - LogoQss Link Success : <module 'lib.qss.Logo_Qss_rc' from 'e:\\Project\\PythonPj\\ACM_Leave\\lib\\qss\\Logo_Qss_rc.py'>
2023-09-18 13:12:44.582 | INFO     | bin:<module>:99 - BASE_DIR : E:\Project\PythonPj\ACM_Leave
2023-09-18 13:12:45.040 | INFO     | __main__:<module>:12 - LogoQss Link Success : <module 'lib.qss.Logo_Qss_rc' from 'e:\\Project\\PythonPj\\ACM_Leave\\lib\\qss\\Logo_Qss_rc.py'>
2023-09-18 13:13:45.918 | INFO     | bin:<module>:99 - BASE_DIR : E:\Project\PythonPj\ACM_Leave
2023-09-18 13:13:46.370 | INFO     | __main__:<module>:12 - LogoQss Link Success : <module 'lib.qss.Logo_Qss_rc' from 'e:\\Project\\PythonPj\\ACM_Leave\\lib\\qss\\Logo_Qss_rc.py'>
2023-09-18 13:14:50.013 | INFO     | bin:<module>:99 - BASE_DIR : E:\Project\PythonPj\ACM_Leave
2023-09-18 13:14:50.482 | INFO     | __main__:<module>:12 - LogoQss Link Success : <module 'lib.qss.Logo_Qss_rc' from 'e:\\Project\\PythonPj\\ACM_Leave\\lib\\qss\\Logo_Qss_rc.py'>
2023-09-18 13:16:05.160 | INFO     | bin:<module>:99 - BASE_DIR : E:\Project\PythonPj\ACM_Leave
2023-09-18 13:16:05.623 | INFO     | __main__:<module>:12 - LogoQss Link Success : <module 'lib.qss.Logo_Qss_rc' from 'e:\\Project\\PythonPj\\ACM_Leave\\lib\\qss\\Logo_Qss_rc.py'>
2023-09-18 13:17:34.669 | INFO     | bin:<module>:99 - BASE_DIR : E:\Project\PythonPj\ACM_Leave
2023-09-18 13:17:35.115 | INFO     | __main__:<module>:12 - LogoQss Link Success : <module 'lib.qss.Logo_Qss_rc' from 'e:\\Project\\PythonPj\\ACM_Leave\\lib\\qss\\Logo_Qss_rc.py'>
2023-09-18 13:19:07.891 | INFO     | bin:<module>:99 - BASE_DIR : E:\Project\PythonPj\ACM_Leave
2023-09-18 13:19:08.373 | INFO     | __main__:<module>:12 - LogoQss Link Success : <module 'lib.qss.Logo_Qss_rc' from 'e:\\Project\\PythonPj\\ACM_Leave\\lib\\qss\\Logo_Qss_rc.py'>
2023-09-18 13:25:31.878 | INFO     | bin:<module>:99 - BASE_DIR : E:\Project\PythonPj\ACM_Leave
2023-09-18 13:25:32.317 | INFO     | __main__:<module>:12 - LogoQss Link Success : <module 'lib.qss.Logo_Qss_rc' from 'e:\\Project\\PythonPj\\ACM_Leave\\lib\\qss\\Logo_Qss_rc.py'>
2023-09-18 13:41:21.018 | INFO     | bin:<module>:99 - BASE_DIR : E:\Project\PythonPj\ACM_Leave
2023-09-18 13:41:21.462 | INFO     | __main__:<module>:12 - LogoQss Link Success : <module 'lib.qss.Logo_Qss_rc' from 'e:\\Project\\PythonPj\\ACM_Leave\\lib\\qss\\Logo_Qss_rc.py'>
2023-09-18 14:31:25.865 | INFO     | bin:<module>:99 - BASE_DIR : E:\Project\PythonPj\ACM_Leave
2023-09-18 14:31:26.355 | INFO     | __main__:<module>:12 - LogoQss Link Success : <module 'lib.qss.Logo_Qss_rc' from 'e:\\Project\\PythonPj\\ACM_Leave\\lib\\qss\\Logo_Qss_rc.py'>
2023-09-18 14:32:34.468 | INFO     | bin:<module>:99 - BASE_DIR : E:\Project\PythonPj\ACM_Leave
2023-09-18 14:32:34.930 | INFO     | __main__:<module>:12 - LogoQss Link Success : <module 'lib.qss.Logo_Qss_rc' from 'e:\\Project\\PythonPj\\ACM_Leave\\lib\\qss\\Logo_Qss_rc.py'>
2023-09-18 14:33:21.514 | INFO     | bin:<module>:99 - BASE_DIR : E:\Project\PythonPj\ACM_Leave
2023-09-18 14:33:22.004 | INFO     | __main__:<module>:12 - LogoQss Link Success : <module 'lib.qss.Logo_Qss_rc' from 'e:\\Project\\PythonPj\\ACM_Leave\\lib\\qss\\Logo_Qss_rc.py'>
2023-09-18 14:42:52.507 | INFO     | bin:<module>:99 - BASE_DIR : E:\Project\PythonPj\ACM_Leave
2023-09-18 14:42:52.968 | INFO     | __main__:<module>:12 - LogoQss Link Success : <module 'lib.qss.Logo_Qss_rc' from 'e:\\Project\\PythonPj\\ACM_Leave\\lib\\qss\\Logo_Qss_rc.py'>
2023-09-18 14:44:54.650 | INFO     | bin:<module>:99 - BASE_DIR : E:\Project\PythonPj\ACM_Leave
2023-09-18 14:44:55.106 | INFO     | __main__:<module>:12 - LogoQss Link Success : <module 'lib.qss.Logo_Qss_rc' from 'e:\\Project\\PythonPj\\ACM_Leave\\lib\\qss\\Logo_Qss_rc.py'>
2023-09-18 14:45:49.462 | INFO     | bin:<module>:99 - BASE_DIR : E:\Project\PythonPj\ACM_Leave
2023-09-18 14:45:49.899 | INFO     | __main__:<module>:12 - LogoQss Link Success : <module 'lib.qss.Logo_Qss_rc' from 'e:\\Project\\PythonPj\\ACM_Leave\\lib\\qss\\Logo_Qss_rc.py'>
2023-09-18 15:16:02.206 | INFO     | bin:<module>:99 - BASE_DIR : E:\Project\PythonPj\ACM_Leave
2023-09-18 15:16:02.687 | INFO     | __main__:<module>:12 - LogoQss Link Success : <module 'lib.qss.Logo_Qss_rc' from 'e:\\Project\\PythonPj\\ACM_Leave\\lib\\qss\\Logo_Qss_rc.py'>
2023-09-18 15:46:12.489 | INFO     | bin:<module>:99 - BASE_DIR : E:\Project\PythonPj\ACM_Leave
2023-09-18 15:46:12.952 | INFO     | __main__:<module>:12 - LogoQss Link Success : <module 'lib.qss.Logo_Qss_rc' from 'e:\\Project\\PythonPj\\ACM_Leave\\lib\\qss\\Logo_Qss_rc.py'>
2023-09-18 15:51:33.687 | INFO     | bin:<module>:99 - BASE_DIR : E:\Project\PythonPj\ACM_Leave
2023-09-18 15:51:34.133 | INFO     | __main__:<module>:12 - LogoQss Link Success : <module 'lib.qss.Logo_Qss_rc' from 'e:\\Project\\PythonPj\\ACM_Leave\\lib\\qss\\Logo_Qss_rc.py'>
2023-09-18 16:25:01.198 | INFO     | bin:<module>:99 - BASE_DIR : E:\Project\PythonPj\ACM_Leave
2023-09-18 16:25:01.645 | INFO     | __main__:<module>:12 - LogoQss Link Success : <module 'lib.qss.Logo_Qss_rc' from 'e:\\Project\\PythonPj\\ACM_Leave\\lib\\qss\\Logo_Qss_rc.py'>
2023-09-18 16:26:49.516 | INFO     | bin:<module>:99 - BASE_DIR : E:\Project\PythonPj\ACM_Leave
2023-09-18 16:26:49.994 | INFO     | __main__:<module>:12 - LogoQss Link Success : <module 'lib.qss.Logo_Qss_rc' from 'e:\\Project\\PythonPj\\ACM_Leave\\lib\\qss\\Logo_Qss_rc.py'>
2023-09-18 16:33:10.271 | INFO     | bin:<module>:99 - BASE_DIR : E:\Project\PythonPj\ACM_Leave
2023-09-18 16:33:10.717 | INFO     | __main__:<module>:12 - LogoQss Link Success : <module 'lib.qss.Logo_Qss_rc' from 'e:\\Project\\PythonPj\\ACM_Leave\\lib\\qss\\Logo_Qss_rc.py'>
2023-09-18 17:10:28.093 | INFO     | bin:<module>:99 - BASE_DIR : E:\Project\PythonPj\ACM_Leave
2023-09-18 17:10:28.553 | INFO     | __main__:<module>:12 - LogoQss Link Success : <module 'lib.qss.Logo_Qss_rc' from 'e:\\Project\\PythonPj\\ACM_Leave\\lib\\qss\\Logo_Qss_rc.py'>
2023-09-18 17:13:29.678 | INFO     | bin:<module>:99 - BASE_DIR : E:\Project\PythonPj\ACM_Leave
2023-09-18 17:13:30.142 | INFO     | __main__:<module>:12 - LogoQss Link Success : <module 'lib.qss.Logo_Qss_rc' from 'e:\\Project\\PythonPj\\ACM_Leave\\lib\\qss\\Logo_Qss_rc.py'>
2023-09-18 17:13:55.649 | INFO     | bin:<module>:99 - BASE_DIR : E:\Project\PythonPj\ACM_Leave
2023-09-18 17:13:56.105 | INFO     | __main__:<module>:12 - LogoQss Link Success : <module 'lib.qss.Logo_Qss_rc' from 'e:\\Project\\PythonPj\\ACM_Leave\\lib\\qss\\Logo_Qss_rc.py'>
2023-09-18 17:18:02.372 | INFO     | bin:<module>:99 - BASE_DIR : E:\Project\PythonPj\ACM_Leave
2023-09-18 17:18:02.821 | INFO     | __main__:<module>:12 - LogoQss Link Success : <module 'lib.qss.Logo_Qss_rc' from 'e:\\Project\\PythonPj\\ACM_Leave\\lib\\qss\\Logo_Qss_rc.py'>
2023-09-18 17:19:35.985 | INFO     | bin:<module>:99 - BASE_DIR : E:\Project\PythonPj\ACM_Leave
2023-09-18 17:19:36.445 | INFO     | __main__:<module>:12 - LogoQss Link Success : <module 'lib.qss.Logo_Qss_rc' from 'e:\\Project\\PythonPj\\ACM_Leave\\lib\\qss\\Logo_Qss_rc.py'>
